<?xml version="1.0" encoding="UTF-8"?>
<!-- Generated by org.testng.reporters.JUnitXMLReporter -->
<testsuite hostname="LP-5CG0233WXY" ignored="0" name="Testing1" tests="5" failures="0" timestamp="10 Aug 2021 13:33:30 GMT" time="0.065" errors="0">
  <testcase name="case7a" time="0.0" classname="com.example.Sample2"/>
  <testcase name="case8" time="0.0" classname="com.example.Sample2"/>
  <testcase name="case9" time="0.0" classname="com.example.Sample2"/>
  <testcase name="case6a" time="0.005" classname="com.example.Sample2"/>
  <testcase name="case5a" time="0.0" classname="com.example.Sample2"/>
</testsuite> <!-- Testing1 -->
