<?xml version="1.0" encoding="UTF-8"?>
<!-- Generated by org.testng.reporters.JUnitXMLReporter -->
<testsuite hostname="LP-5CG0233WXY" ignored="3" name="Testing" tests="3" failures="0" timestamp="10 Aug 2021 13:33:30 GMT" time="0.08" errors="0">
  <testcase name="case6" time="0.019" classname="com.example.Sample1"/>
  <testcase name="case7" time="0.019" classname="com.example.Sample1"/>
  <testcase name="case5" time="0.023" classname="com.example.Sample1"/>
  <testcase name="case1" time="0.0" classname="com.example.Sample1">
    <ignored/>
  </testcase> <!-- case1 -->
  <testcase name="case3" time="0.0" classname="com.example.Sample1">
    <ignored/>
  </testcase> <!-- case3 -->
  <testcase name="case2" time="0.0" classname="com.example.Sample1">
    <ignored/>
  </testcase> <!-- case2 -->
</testsuite> <!-- Testing -->
