<?xml version="1.0" encoding="UTF-8"?>
<testng-results skipped="0" failed="0" ignored="0" total="1" passed="1">
  <reporter-output>
  </reporter-output>
  <suite name="Default suite" duration-ms="754" started-at="2021-08-25T04:37:37Z" finished-at="2021-08-25T04:37:38Z">
    <groups>
    </groups>
    <test name="Default test" duration-ms="754" started-at="2021-08-25T04:37:37Z" finished-at="2021-08-25T04:37:38Z">
      <class name="com.example.extentsample">
        <test-method status="PASS" signature="setup()[pri:0, instance:com.example.extentsample@782663d3]" name="setup" is-config="true" duration-ms="350" started-at="2021-08-25T04:37:37Z" finished-at="2021-08-25T04:37:37Z">
          <reporter-output>
          </reporter-output>
        </test-method> <!-- setup -->
        <test-method status="PASS" signature="test1()[pri:0, instance:com.example.extentsample@782663d3]" name="test1" duration-ms="41" started-at="2021-08-25T04:37:37Z" finished-at="2021-08-25T04:37:37Z">
          <reporter-output>
          </reporter-output>
        </test-method> <!-- test1 -->
        <test-method status="PASS" signature="after()[pri:0, instance:com.example.extentsample@782663d3]" name="after" is-config="true" duration-ms="662" started-at="2021-08-25T04:37:37Z" finished-at="2021-08-25T04:37:38Z">
          <reporter-output>
          </reporter-output>
        </test-method> <!-- after -->
      </class> <!-- com.example.extentsample -->
    </test> <!-- Default test -->
  </suite> <!-- Default suite -->
</testng-results>
